2014-04-28 12:12:01.417 Vision[1198:70b] Multi-tasking -> Device: YES, App: YES
2014-04-28 12:12:01.463 Vision[1198:70b] Unlimited access to network resources
2014-04-28 12:12:01.903 Vision[1198:70b] Resetting plugins due to page load.
2014-04-28 12:12:02.058 Vision[1198:70b] Finished load of: file:///Users/rosswilson/Library/Application%20Support/iPhone%20Simulator/7.1/Applications/313D7924-EDCD-488D-906F-1880DABCEBC9/Vision.app/www/index.html
2014-05-01 10:43:47.963 Vision[87565:70b] Multi-tasking -> Device: YES, App: YES
2014-05-01 10:43:47.997 Vision[87565:70b] Unlimited access to network resources
2014-05-01 10:43:48.282 Vision[87565:70b] [CDVTimer][splashscreen] 64.634979ms
2014-05-01 10:43:48.282 Vision[87565:70b] [CDVTimer][TotalPluginStartup] 65.158010ms
2014-05-01 10:43:48.476 Vision[87565:70b] Resetting plugins due to page load.
2014-05-01 10:43:48.800 Vision[87565:70b] Finished load of: file:///Users/rosswilson/Library/Application%20Support/iPhone%20Simulator/7.1/Applications/9D25E8E1-98A6-4482-96F1-1115077F45F5/Vision.app/www/index.html
2014-05-01 10:45:38.504 Vision[87745:70b] Multi-tasking -> Device: YES, App: YES
2014-05-01 10:45:38.513 Vision[87745:70b] Unlimited access to network resources
2014-05-01 10:45:38.545 Vision[87745:70b] [CDVTimer][splashscreen] 9.917974ms
2014-05-01 10:45:38.546 Vision[87745:70b] [CDVTimer][TotalPluginStartup] 10.466039ms
2014-05-01 10:45:38.604 Vision[87745:70b] Resetting plugins due to page load.
2014-05-01 10:45:38.707 Vision[87745:70b] Finished load of: file:///Users/rosswilson/Library/Application%20Support/iPhone%20Simulator/7.1/Applications/9D25E8E1-98A6-4482-96F1-1115077F45F5/Vision.app/www/index.html
2014-05-01 10:46:31.940 Vision[87745:70b] Received memory warning.
2014-05-01 10:47:06.591 Vision[87939:70b] Multi-tasking -> Device: YES, App: YES
2014-05-01 10:47:06.607 Vision[87939:70b] Unlimited access to network resources
2014-05-01 10:47:06.696 Vision[87939:70b] [CDVTimer][splashscreen] 12.116015ms
2014-05-01 10:47:06.698 Vision[87939:70b] [CDVTimer][TotalPluginStartup] 13.686955ms
2014-05-01 10:47:06.882 Vision[87939:70b] Resetting plugins due to page load.
2014-05-01 10:47:07.108 Vision[87939:70b] Finished load of: file:///Users/rosswilson/Library/Application%20Support/iPhone%20Simulator/7.1/Applications/9D25E8E1-98A6-4482-96F1-1115077F45F5/Vision.app/www/index.html
2014-05-01 10:48:07.911 Vision[87939:70b] Received memory warning.
2014-05-01 10:48:40.349 Vision[88181:70b] Multi-tasking -> Device: YES, App: YES
2014-05-01 10:48:40.357 Vision[88181:70b] Unlimited access to network resources
2014-05-01 10:48:40.406 Vision[88181:70b] [CDVTimer][splashscreen] 10.163009ms
2014-05-01 10:48:40.406 Vision[88181:70b] [CDVTimer][TotalPluginStartup] 10.506988ms
2014-05-01 10:48:40.589 Vision[88181:70b] Resetting plugins due to page load.
2014-05-01 10:48:40.656 Vision[88181:70b] Finished load of: file:///Users/rosswilson/Library/Application%20Support/iPhone%20Simulator/7.1/Applications/9D25E8E1-98A6-4482-96F1-1115077F45F5/Vision.app/www/index.html
2014-05-01 10:50:05.917 Vision[88349:70b] Multi-tasking -> Device: YES, App: YES
2014-05-01 10:50:05.925 Vision[88349:70b] Unlimited access to network resources
2014-05-01 10:50:05.957 Vision[88349:70b] [CDVTimer][splashscreen] 9.939969ms
2014-05-01 10:50:05.957 Vision[88349:70b] [CDVTimer][TotalPluginStartup] 10.280013ms
2014-05-01 10:50:06.014 Vision[88349:70b] Resetting plugins due to page load.
2014-05-01 10:50:06.069 Vision[88349:70b] Finished load of: file:///Users/rosswilson/Library/Application%20Support/iPhone%20Simulator/7.1/Applications/9D25E8E1-98A6-4482-96F1-1115077F45F5/Vision.app/www/index.html
Terminating in response to SpringBoard's termination.
2014-05-01 10:51:31.657 Vision[88546:70b] Multi-tasking -> Device: YES, App: YES
2014-05-01 10:51:31.666 Vision[88546:70b] Unlimited access to network resources
2014-05-01 10:51:31.698 Vision[88546:70b] [CDVTimer][splashscreen] 9.986043ms
2014-05-01 10:51:31.699 Vision[88546:70b] [CDVTimer][TotalPluginStartup] 10.896981ms
2014-05-01 10:51:31.896 Vision[88546:70b] Resetting plugins due to page load.
2014-05-01 10:51:31.982 Vision[88546:70b] Finished load of: file:///Users/rosswilson/Library/Application%20Support/iPhone%20Simulator/7.1/Applications/9D25E8E1-98A6-4482-96F1-1115077F45F5/Vision.app/www/index.html
Terminating in response to SpringBoard's termination.
2014-05-01 10:52:29.002 Vision[88746:70b] Multi-tasking -> Device: YES, App: YES
2014-05-01 10:52:29.010 Vision[88746:70b] Unlimited access to network resources
2014-05-01 10:52:29.083 Vision[88746:70b] [CDVTimer][splashscreen] 31.316996ms
2014-05-01 10:52:29.084 Vision[88746:70b] [CDVTimer][TotalPluginStartup] 31.876028ms
2014-05-01 10:52:29.221 Vision[88746:70b] Resetting plugins due to page load.
2014-05-01 10:52:29.305 Vision[88746:70b] Finished load of: file:///Users/rosswilson/Library/Application%20Support/iPhone%20Simulator/7.1/Applications/9D25E8E1-98A6-4482-96F1-1115077F45F5/Vision.app/www/index.html
2014-05-01 10:54:06.331 Vision[89008:70b] Multi-tasking -> Device: YES, App: YES
2014-05-01 10:54:06.341 Vision[89008:70b] Unlimited access to network resources
2014-05-01 10:54:06.405 Vision[89008:70b] [CDVTimer][splashscreen] 12.628019ms
2014-05-01 10:54:06.405 Vision[89008:70b] [CDVTimer][TotalPluginStartup] 13.171971ms
2014-05-01 10:54:06.564 Vision[89008:70b] Resetting plugins due to page load.
2014-05-01 10:54:06.819 Vision[89008:70b] Finished load of: file:///Users/rosswilson/Library/Application%20Support/iPhone%20Simulator/7.1/Applications/9D25E8E1-98A6-4482-96F1-1115077F45F5/Vision.app/www/index.html
2014-05-01 10:55:52.942 Vision[89204:70b] Multi-tasking -> Device: YES, App: YES
2014-05-01 10:55:52.950 Vision[89204:70b] Unlimited access to network resources
2014-05-01 10:55:52.984 Vision[89204:70b] [CDVTimer][splashscreen] 11.262000ms
2014-05-01 10:55:52.985 Vision[89204:70b] [CDVTimer][TotalPluginStartup] 11.816025ms
2014-05-01 10:55:53.045 Vision[89204:70b] Resetting plugins due to page load.
2014-05-01 10:55:53.116 Vision[89204:70b] Finished load of: file:///Users/rosswilson/Library/Application%20Support/iPhone%20Simulator/7.1/Applications/9D25E8E1-98A6-4482-96F1-1115077F45F5/Vision.app/www/index.html
2014-05-01 10:56:27.152 Vision[89204:70b] THREAD WARNING: ['Notification'] took '21.823730' ms. Plugin should use a background thread.
2014-05-01 10:56:29.672 Vision[89204:70b] THREAD WARNING: ['Notification'] took '10.787842' ms. Plugin should use a background thread.
2014-05-01 10:56:36.312 Vision[89204:70b] THREAD WARNING: ['Notification'] took '10.981201' ms. Plugin should use a background thread.
2014-05-01 10:57:00.969 Vision[89410:70b] Multi-tasking -> Device: YES, App: YES
2014-05-01 10:57:00.978 Vision[89410:70b] Unlimited access to network resources
2014-05-01 10:57:01.012 Vision[89410:70b] [CDVTimer][splashscreen] 10.296047ms
2014-05-01 10:57:01.012 Vision[89410:70b] [CDVTimer][TotalPluginStartup] 10.864019ms
2014-05-01 10:57:01.186 Vision[89410:70b] Resetting plugins due to page load.
2014-05-01 10:57:01.302 Vision[89410:70b] Finished load of: file:///Users/rosswilson/Library/Application%20Support/iPhone%20Simulator/7.1/Applications/9D25E8E1-98A6-4482-96F1-1115077F45F5/Vision.app/www/index.html
2014-05-01 11:01:39.206 Vision[89690:70b] Multi-tasking -> Device: YES, App: YES
2014-05-01 11:01:39.215 Vision[89690:70b] Unlimited access to network resources
2014-05-01 11:01:39.262 Vision[89690:70b] [CDVTimer][splashscreen] 23.075998ms
2014-05-01 11:01:39.263 Vision[89690:70b] [CDVTimer][TotalPluginStartup] 24.782002ms
2014-05-01 11:01:39.459 Vision[89690:70b] Resetting plugins due to page load.
2014-05-01 11:01:39.760 Vision[89690:70b] Finished load of: file:///Users/rosswilson/Library/Application%20Support/iPhone%20Simulator/7.1/Applications/9D25E8E1-98A6-4482-96F1-1115077F45F5/Vision.app/www/index.html
2014-05-01 11:06:19.887 Vision[89951:70b] Multi-tasking -> Device: YES, App: YES
2014-05-01 11:06:19.897 Vision[89951:70b] Unlimited access to network resources
2014-05-01 11:06:19.929 Vision[89951:70b] [CDVTimer][splashscreen] 10.152996ms
2014-05-01 11:06:19.929 Vision[89951:70b] [CDVTimer][TotalPluginStartup] 10.710001ms
2014-05-01 11:06:19.986 Vision[89951:70b] Resetting plugins due to page load.
2014-05-01 11:06:20.160 Vision[89951:70b] Finished load of: file:///Users/rosswilson/Library/Application%20Support/iPhone%20Simulator/7.1/Applications/9D25E8E1-98A6-4482-96F1-1115077F45F5/Vision.app/www/index.html
Terminating in response to SpringBoard's termination.
2014-05-01 11:23:19.418 Vision[90423:70b] Multi-tasking -> Device: YES, App: YES
2014-05-01 11:23:19.427 Vision[90423:70b] Unlimited access to network resources
2014-05-01 11:23:19.505 Vision[90423:70b] [CDVTimer][splashscreen] 20.299971ms
2014-05-01 11:23:19.506 Vision[90423:70b] [CDVTimer][TotalPluginStartup] 20.866036ms
2014-05-01 11:23:19.677 Vision[90423:70b] Resetting plugins due to page load.
2014-05-01 11:23:20.182 Vision[90423:70b] Finished load of: file:///Users/rosswilson/Library/Application%20Support/iPhone%20Simulator/7.1/Applications/9D25E8E1-98A6-4482-96F1-1115077F45F5/Vision.app/www/index.html
2014-05-01 17:56:51.920 Vision[95314:70b] Multi-tasking -> Device: YES, App: YES
2014-05-01 17:56:51.967 Vision[95314:70b] Unlimited access to network resources
2014-05-01 17:56:52.246 Vision[95314:70b] [CDVTimer][splashscreen] 65.899014ms
2014-05-01 17:56:52.247 Vision[95314:70b] [CDVTimer][TotalPluginStartup] 66.438973ms
2014-05-01 17:56:52.466 Vision[95314:70b] Resetting plugins due to page load.
2014-05-01 17:56:53.311 Vision[95314:70b] Finished load of: file:///Users/rosswilson/Library/Application%20Support/iPhone%20Simulator/7.1/Applications/9D25E8E1-98A6-4482-96F1-1115077F45F5/Vision.app/www/index.html
2014-05-01 17:58:25.923 Vision[95523:70b] Multi-tasking -> Device: YES, App: YES
2014-05-01 17:58:25.932 Vision[95523:70b] Unlimited access to network resources
2014-05-01 17:58:25.967 Vision[95523:70b] [CDVTimer][splashscreen] 10.060966ms
2014-05-01 17:58:25.967 Vision[95523:70b] [CDVTimer][TotalPluginStartup] 10.747015ms
2014-05-01 17:58:26.026 Vision[95523:70b] Resetting plugins due to page load.
2014-05-01 17:58:26.292 Vision[95523:70b] Finished load of: file:///Users/rosswilson/Library/Application%20Support/iPhone%20Simulator/7.1/Applications/9D25E8E1-98A6-4482-96F1-1115077F45F5/Vision.app/www/index.html
2014-05-01 17:59:38.232 Vision[95725:70b] Multi-tasking -> Device: YES, App: YES
2014-05-01 17:59:38.242 Vision[95725:70b] Unlimited access to network resources
2014-05-01 17:59:38.287 Vision[95725:70b] [CDVTimer][splashscreen] 9.939015ms
2014-05-01 17:59:38.288 Vision[95725:70b] [CDVTimer][TotalPluginStartup] 10.948002ms
2014-05-01 17:59:38.378 Vision[95725:70b] Resetting plugins due to page load.
2014-05-01 17:59:41.213 Vision[95725:70b] Finished load of: file:///Users/rosswilson/Library/Application%20Support/iPhone%20Simulator/7.1/Applications/9D25E8E1-98A6-4482-96F1-1115077F45F5/Vision.app/www/index.html
2014-05-01 17:59:58.729 Vision[95947:70b] Multi-tasking -> Device: YES, App: YES
2014-05-01 17:59:58.738 Vision[95947:70b] Unlimited access to network resources
2014-05-01 17:59:58.771 Vision[95947:70b] [CDVTimer][splashscreen] 10.513008ms
2014-05-01 17:59:58.772 Vision[95947:70b] [CDVTimer][TotalPluginStartup] 11.066020ms
2014-05-01 17:59:58.997 Vision[95947:70b] Resetting plugins due to page load.
2014-05-01 17:59:59.624 Vision[95947:70b] Finished load of: file:///Users/rosswilson/Library/Application%20Support/iPhone%20Simulator/7.1/Applications/9D25E8E1-98A6-4482-96F1-1115077F45F5/Vision.app/www/index.html
2014-05-01 18:03:12.272 Vision[96438:70b] Multi-tasking -> Device: YES, App: YES
2014-05-01 18:03:12.280 Vision[96438:70b] Unlimited access to network resources
2014-05-01 18:03:12.318 Vision[96438:70b] [CDVTimer][splashscreen] 10.580957ms
2014-05-01 18:03:12.319 Vision[96438:70b] [CDVTimer][TotalPluginStartup] 11.527002ms
2014-05-01 18:03:12.535 Vision[96438:70b] Resetting plugins due to page load.
2014-05-01 18:03:13.189 Vision[96438:70b] Finished load of: file:///Users/rosswilson/Library/Application%20Support/iPhone%20Simulator/7.1/Applications/4D08FAFE-FF70-4D03-B34C-C8D1CC4F2E36/Vision.app/www/index.html
2014-05-01 18:06:45.073 Vision[96699:70b] Multi-tasking -> Device: YES, App: YES
2014-05-01 18:06:45.082 Vision[96699:70b] Unlimited access to network resources
2014-05-01 18:06:45.118 Vision[96699:70b] [CDVTimer][splashscreen] 11.435986ms
2014-05-01 18:06:45.118 Vision[96699:70b] [CDVTimer][TotalPluginStartup] 11.990964ms
2014-05-01 18:06:45.186 Vision[96699:70b] Resetting plugins due to page load.
2014-05-01 18:06:46.356 Vision[96699:70b] Finished load of: file:///Users/rosswilson/Library/Application%20Support/iPhone%20Simulator/7.1/Applications/4D08FAFE-FF70-4D03-B34C-C8D1CC4F2E36/Vision.app/www/index.html
2014-05-01 18:09:34.571 Vision[96926:70b] Multi-tasking -> Device: YES, App: YES
2014-05-01 18:09:34.581 Vision[96926:70b] Unlimited access to network resources
2014-05-01 18:09:34.616 Vision[96926:70b] [CDVTimer][splashscreen] 11.940002ms
2014-05-01 18:09:34.616 Vision[96926:70b] [CDVTimer][TotalPluginStartup] 12.502015ms
2014-05-01 18:09:34.688 Vision[96926:70b] Resetting plugins due to page load.
2014-05-01 18:09:34.928 Vision[96926:70b] Finished load of: file:///Users/rosswilson/Library/Application%20Support/iPhone%20Simulator/7.1/Applications/4D08FAFE-FF70-4D03-B34C-C8D1CC4F2E36/Vision.app/www/index.html
Terminating in response to SpringBoard's termination.
2014-05-14 17:20:26.645 Vision[32188:70b] Multi-tasking -> Device: YES, App: YES
2014-05-14 17:20:26.672 Vision[32188:70b] Unlimited access to network resources
2014-05-14 17:20:27.100 Vision[32188:70b] [CDVTimer][splashscreen] 105.609000ms
2014-05-14 17:20:27.101 Vision[32188:70b] [CDVTimer][TotalPluginStartup] 106.603980ms
2014-05-14 17:20:27.610 Vision[32188:70b] Resetting plugins due to page load.
2014-05-14 17:20:29.174 Vision[32188:70b] Finished load of: file:///Users/rosswilson/Library/Application%20Support/iPhone%20Simulator/7.1/Applications/4D08FAFE-FF70-4D03-B34C-C8D1CC4F2E36/Vision.app/www/index.html#/login
